2020-11-10 20:38:40.824 [main] INFO  org.hibernate.Version - HHH000412: Hibernate ORM core version 5.4.22.Final
2020-11-10 20:38:41.100 [main] INFO  org.hibernate.annotations.common.Version - HCANN000001: Hibernate Commons Annotations {5.1.0.Final}
2020-11-10 20:38:41.904 [main] INFO  org.hibernate.dialect.Dialect - HHH000400: Using dialect: org.hibernate.dialect.H2Dialect
2020-11-10 20:38:42.350 [main] INFO  org.hibernate.tuple.PojoInstantiator - HHH000182: No default (no-argument) constructor for class: com.m3.model.FriendshipKey (class must be instantiated by Interceptor)
2020-11-10 20:38:42.353 [main] WARN  org.hibernate.mapping.RootClass - HHH000038: Composite-id class does not override equals(): com.m3.model.FriendshipKey
2020-11-10 20:38:42.353 [main] WARN  org.hibernate.mapping.RootClass - HHH000039: Composite-id class does not override hashCode(): com.m3.model.FriendshipKey
2020-11-10 20:38:42.516 [main] INFO  org.hibernate.validator.internal.util.Version - HV000001: Hibernate Validator 6.1.6.Final
2020-11-10 20:38:43.834 [main] WARN  org.springframework.context.support.ClassPathXmlApplicationContext - Exception encountered during context initialization - cancelling refresh attempt: org.springframework.beans.factory.BeanCreationException: Error creating bean with name 'getJavaMailSender' defined in com.m3.service.MailService: Bean instantiation via factory method failed; nested exception is org.springframework.beans.BeanInstantiationException: Failed to instantiate [org.springframework.mail.javamail.JavaMailSender]: Factory method 'getJavaMailSender' threw exception; nested exception is java.lang.NullPointerException
2020-11-10 20:38:44.347 [main] INFO  org.hibernate.dialect.Dialect - HHH000400: Using dialect: org.hibernate.dialect.H2Dialect
2020-11-10 20:38:44.380 [main] INFO  org.hibernate.tuple.PojoInstantiator - HHH000182: No default (no-argument) constructor for class: com.m3.model.FriendshipKey (class must be instantiated by Interceptor)
2020-11-10 20:38:44.380 [main] WARN  org.hibernate.mapping.RootClass - HHH000038: Composite-id class does not override equals(): com.m3.model.FriendshipKey
2020-11-10 20:38:44.380 [main] WARN  org.hibernate.mapping.RootClass - HHH000039: Composite-id class does not override hashCode(): com.m3.model.FriendshipKey
2020-11-10 20:38:44.607 [main] WARN  org.springframework.context.support.ClassPathXmlApplicationContext - Exception encountered during context initialization - cancelling refresh attempt: org.springframework.beans.factory.BeanCreationException: Error creating bean with name 'getJavaMailSender' defined in com.m3.service.MailService: Bean instantiation via factory method failed; nested exception is org.springframework.beans.BeanInstantiationException: Failed to instantiate [org.springframework.mail.javamail.JavaMailSender]: Factory method 'getJavaMailSender' threw exception; nested exception is java.lang.NullPointerException
2020-11-10 20:38:44.734 [main] INFO  org.hibernate.dialect.Dialect - HHH000400: Using dialect: org.hibernate.dialect.H2Dialect
2020-11-10 20:38:44.756 [main] INFO  org.hibernate.tuple.PojoInstantiator - HHH000182: No default (no-argument) constructor for class: com.m3.model.FriendshipKey (class must be instantiated by Interceptor)
2020-11-10 20:38:44.757 [main] WARN  org.hibernate.mapping.RootClass - HHH000038: Composite-id class does not override equals(): com.m3.model.FriendshipKey
2020-11-10 20:38:44.757 [main] WARN  org.hibernate.mapping.RootClass - HHH000039: Composite-id class does not override hashCode(): com.m3.model.FriendshipKey
2020-11-10 20:38:44.984 [main] WARN  org.springframework.context.support.ClassPathXmlApplicationContext - Exception encountered during context initialization - cancelling refresh attempt: org.springframework.beans.factory.BeanCreationException: Error creating bean with name 'getJavaMailSender' defined in com.m3.service.MailService: Bean instantiation via factory method failed; nested exception is org.springframework.beans.BeanInstantiationException: Failed to instantiate [org.springframework.mail.javamail.JavaMailSender]: Factory method 'getJavaMailSender' threw exception; nested exception is java.lang.NullPointerException
2020-11-10 20:38:45.114 [main] INFO  org.hibernate.dialect.Dialect - HHH000400: Using dialect: org.hibernate.dialect.H2Dialect
2020-11-10 20:38:45.137 [main] INFO  org.hibernate.tuple.PojoInstantiator - HHH000182: No default (no-argument) constructor for class: com.m3.model.FriendshipKey (class must be instantiated by Interceptor)
2020-11-10 20:38:45.137 [main] WARN  org.hibernate.mapping.RootClass - HHH000038: Composite-id class does not override equals(): com.m3.model.FriendshipKey
2020-11-10 20:38:45.137 [main] WARN  org.hibernate.mapping.RootClass - HHH000039: Composite-id class does not override hashCode(): com.m3.model.FriendshipKey
2020-11-10 20:38:45.299 [main] WARN  org.springframework.context.support.ClassPathXmlApplicationContext - Exception encountered during context initialization - cancelling refresh attempt: org.springframework.beans.factory.BeanCreationException: Error creating bean with name 'getJavaMailSender' defined in com.m3.service.MailService: Bean instantiation via factory method failed; nested exception is org.springframework.beans.BeanInstantiationException: Failed to instantiate [org.springframework.mail.javamail.JavaMailSender]: Factory method 'getJavaMailSender' threw exception; nested exception is java.lang.NullPointerException
2020-11-10 20:38:45.403 [main] INFO  org.hibernate.dialect.Dialect - HHH000400: Using dialect: org.hibernate.dialect.H2Dialect
2020-11-10 20:38:45.424 [main] INFO  org.hibernate.tuple.PojoInstantiator - HHH000182: No default (no-argument) constructor for class: com.m3.model.FriendshipKey (class must be instantiated by Interceptor)
2020-11-10 20:38:45.424 [main] WARN  org.hibernate.mapping.RootClass - HHH000038: Composite-id class does not override equals(): com.m3.model.FriendshipKey
2020-11-10 20:38:45.424 [main] WARN  org.hibernate.mapping.RootClass - HHH000039: Composite-id class does not override hashCode(): com.m3.model.FriendshipKey
2020-11-10 20:38:45.566 [main] WARN  org.springframework.context.support.ClassPathXmlApplicationContext - Exception encountered during context initialization - cancelling refresh attempt: org.springframework.beans.factory.BeanCreationException: Error creating bean with name 'getJavaMailSender' defined in com.m3.service.MailService: Bean instantiation via factory method failed; nested exception is org.springframework.beans.BeanInstantiationException: Failed to instantiate [org.springframework.mail.javamail.JavaMailSender]: Factory method 'getJavaMailSender' threw exception; nested exception is java.lang.NullPointerException
2020-11-10 20:38:45.677 [main] INFO  org.hibernate.dialect.Dialect - HHH000400: Using dialect: org.hibernate.dialect.H2Dialect
2020-11-10 20:38:45.695 [main] INFO  org.hibernate.tuple.PojoInstantiator - HHH000182: No default (no-argument) constructor for class: com.m3.model.FriendshipKey (class must be instantiated by Interceptor)
2020-11-10 20:38:45.695 [main] WARN  org.hibernate.mapping.RootClass - HHH000038: Composite-id class does not override equals(): com.m3.model.FriendshipKey
2020-11-10 20:38:45.695 [main] WARN  org.hibernate.mapping.RootClass - HHH000039: Composite-id class does not override hashCode(): com.m3.model.FriendshipKey
2020-11-10 20:38:45.816 [main] WARN  org.springframework.context.support.ClassPathXmlApplicationContext - Exception encountered during context initialization - cancelling refresh attempt: org.springframework.beans.factory.BeanCreationException: Error creating bean with name 'getJavaMailSender' defined in com.m3.service.MailService: Bean instantiation via factory method failed; nested exception is org.springframework.beans.BeanInstantiationException: Failed to instantiate [org.springframework.mail.javamail.JavaMailSender]: Factory method 'getJavaMailSender' threw exception; nested exception is java.lang.NullPointerException
2020-11-10 20:38:45.909 [main] INFO  org.hibernate.dialect.Dialect - HHH000400: Using dialect: org.hibernate.dialect.H2Dialect
2020-11-10 20:38:45.925 [main] INFO  org.hibernate.tuple.PojoInstantiator - HHH000182: No default (no-argument) constructor for class: com.m3.model.FriendshipKey (class must be instantiated by Interceptor)
2020-11-10 20:38:45.925 [main] WARN  org.hibernate.mapping.RootClass - HHH000038: Composite-id class does not override equals(): com.m3.model.FriendshipKey
2020-11-10 20:38:45.925 [main] WARN  org.hibernate.mapping.RootClass - HHH000039: Composite-id class does not override hashCode(): com.m3.model.FriendshipKey
2020-11-10 20:38:46.050 [main] WARN  org.springframework.context.support.ClassPathXmlApplicationContext - Exception encountered during context initialization - cancelling refresh attempt: org.springframework.beans.factory.BeanCreationException: Error creating bean with name 'getJavaMailSender' defined in com.m3.service.MailService: Bean instantiation via factory method failed; nested exception is org.springframework.beans.BeanInstantiationException: Failed to instantiate [org.springframework.mail.javamail.JavaMailSender]: Factory method 'getJavaMailSender' threw exception; nested exception is java.lang.NullPointerException
2020-11-10 20:38:46.155 [main] INFO  org.hibernate.dialect.Dialect - HHH000400: Using dialect: org.hibernate.dialect.H2Dialect
2020-11-10 20:38:46.172 [main] INFO  org.hibernate.tuple.PojoInstantiator - HHH000182: No default (no-argument) constructor for class: com.m3.model.FriendshipKey (class must be instantiated by Interceptor)
2020-11-10 20:38:46.173 [main] WARN  org.hibernate.mapping.RootClass - HHH000038: Composite-id class does not override equals(): com.m3.model.FriendshipKey
2020-11-10 20:38:46.173 [main] WARN  org.hibernate.mapping.RootClass - HHH000039: Composite-id class does not override hashCode(): com.m3.model.FriendshipKey
2020-11-10 20:38:46.313 [main] WARN  org.springframework.context.support.ClassPathXmlApplicationContext - Exception encountered during context initialization - cancelling refresh attempt: org.springframework.beans.factory.BeanCreationException: Error creating bean with name 'getJavaMailSender' defined in com.m3.service.MailService: Bean instantiation via factory method failed; nested exception is org.springframework.beans.BeanInstantiationException: Failed to instantiate [org.springframework.mail.javamail.JavaMailSender]: Factory method 'getJavaMailSender' threw exception; nested exception is java.lang.NullPointerException
2020-11-10 20:38:46.431 [main] INFO  org.hibernate.dialect.Dialect - HHH000400: Using dialect: org.hibernate.dialect.H2Dialect
2020-11-10 20:38:46.450 [main] INFO  org.hibernate.tuple.PojoInstantiator - HHH000182: No default (no-argument) constructor for class: com.m3.model.FriendshipKey (class must be instantiated by Interceptor)
2020-11-10 20:38:46.450 [main] WARN  org.hibernate.mapping.RootClass - HHH000038: Composite-id class does not override equals(): com.m3.model.FriendshipKey
2020-11-10 20:38:46.450 [main] WARN  org.hibernate.mapping.RootClass - HHH000039: Composite-id class does not override hashCode(): com.m3.model.FriendshipKey
2020-11-10 20:38:46.569 [main] WARN  org.springframework.context.support.ClassPathXmlApplicationContext - Exception encountered during context initialization - cancelling refresh attempt: org.springframework.beans.factory.BeanCreationException: Error creating bean with name 'getJavaMailSender' defined in com.m3.service.MailService: Bean instantiation via factory method failed; nested exception is org.springframework.beans.BeanInstantiationException: Failed to instantiate [org.springframework.mail.javamail.JavaMailSender]: Factory method 'getJavaMailSender' threw exception; nested exception is java.lang.NullPointerException
2020-11-10 20:38:46.685 [main] INFO  org.hibernate.dialect.Dialect - HHH000400: Using dialect: org.hibernate.dialect.H2Dialect
2020-11-10 20:38:46.702 [main] INFO  org.hibernate.tuple.PojoInstantiator - HHH000182: No default (no-argument) constructor for class: com.m3.model.FriendshipKey (class must be instantiated by Interceptor)
2020-11-10 20:38:46.702 [main] WARN  org.hibernate.mapping.RootClass - HHH000038: Composite-id class does not override equals(): com.m3.model.FriendshipKey
2020-11-10 20:38:46.702 [main] WARN  org.hibernate.mapping.RootClass - HHH000039: Composite-id class does not override hashCode(): com.m3.model.FriendshipKey
2020-11-10 20:38:46.819 [main] WARN  org.springframework.context.support.ClassPathXmlApplicationContext - Exception encountered during context initialization - cancelling refresh attempt: org.springframework.beans.factory.BeanCreationException: Error creating bean with name 'getJavaMailSender' defined in com.m3.service.MailService: Bean instantiation via factory method failed; nested exception is org.springframework.beans.BeanInstantiationException: Failed to instantiate [org.springframework.mail.javamail.JavaMailSender]: Factory method 'getJavaMailSender' threw exception; nested exception is java.lang.NullPointerException
2020-11-10 20:38:46.967 [main] INFO  org.hibernate.dialect.Dialect - HHH000400: Using dialect: org.hibernate.dialect.H2Dialect
2020-11-10 20:38:46.985 [main] INFO  org.hibernate.tuple.PojoInstantiator - HHH000182: No default (no-argument) constructor for class: com.m3.model.FriendshipKey (class must be instantiated by Interceptor)
2020-11-10 20:38:46.985 [main] WARN  org.hibernate.mapping.RootClass - HHH000038: Composite-id class does not override equals(): com.m3.model.FriendshipKey
2020-11-10 20:38:46.985 [main] WARN  org.hibernate.mapping.RootClass - HHH000039: Composite-id class does not override hashCode(): com.m3.model.FriendshipKey
2020-11-10 20:38:47.103 [main] WARN  org.springframework.context.support.ClassPathXmlApplicationContext - Exception encountered during context initialization - cancelling refresh attempt: org.springframework.beans.factory.BeanCreationException: Error creating bean with name 'getJavaMailSender' defined in com.m3.service.MailService: Bean instantiation via factory method failed; nested exception is org.springframework.beans.BeanInstantiationException: Failed to instantiate [org.springframework.mail.javamail.JavaMailSender]: Factory method 'getJavaMailSender' threw exception; nested exception is java.lang.NullPointerException
2020-11-10 20:38:47.205 [main] INFO  org.hibernate.dialect.Dialect - HHH000400: Using dialect: org.hibernate.dialect.H2Dialect
2020-11-10 20:38:47.222 [main] INFO  org.hibernate.tuple.PojoInstantiator - HHH000182: No default (no-argument) constructor for class: com.m3.model.FriendshipKey (class must be instantiated by Interceptor)
2020-11-10 20:38:47.223 [main] WARN  org.hibernate.mapping.RootClass - HHH000038: Composite-id class does not override equals(): com.m3.model.FriendshipKey
2020-11-10 20:38:47.223 [main] WARN  org.hibernate.mapping.RootClass - HHH000039: Composite-id class does not override hashCode(): com.m3.model.FriendshipKey
2020-11-10 20:38:47.323 [main] WARN  org.springframework.context.support.ClassPathXmlApplicationContext - Exception encountered during context initialization - cancelling refresh attempt: org.springframework.beans.factory.BeanCreationException: Error creating bean with name 'getJavaMailSender' defined in com.m3.service.MailService: Bean instantiation via factory method failed; nested exception is org.springframework.beans.BeanInstantiationException: Failed to instantiate [org.springframework.mail.javamail.JavaMailSender]: Factory method 'getJavaMailSender' threw exception; nested exception is java.lang.NullPointerException
2020-11-10 20:38:47.443 [main] INFO  org.hibernate.dialect.Dialect - HHH000400: Using dialect: org.hibernate.dialect.H2Dialect
2020-11-10 20:38:47.459 [main] INFO  org.hibernate.tuple.PojoInstantiator - HHH000182: No default (no-argument) constructor for class: com.m3.model.FriendshipKey (class must be instantiated by Interceptor)
2020-11-10 20:38:47.459 [main] WARN  org.hibernate.mapping.RootClass - HHH000038: Composite-id class does not override equals(): com.m3.model.FriendshipKey
2020-11-10 20:38:47.459 [main] WARN  org.hibernate.mapping.RootClass - HHH000039: Composite-id class does not overrid2020-11-10 21:57:38.753 [main] INFO  org.hibernate.Version - HHH000412: Hibernate ORM core version 5.4.22.Final
2020-11-10 21:57:39.013 [main] INFO  org.hibernate.annotations.common.Version - HCANN000001: Hibernate Commons Annotations {5.1.0.Final}
2020-11-10 21:57:39.745 [main] INFO  org.hibernate.dialect.Dialect - HHH000400: Using dialect: org.hibernate.dialect.H2Dialect
2020-11-10 21:57:40.145 [main] INFO  org.hibernate.tuple.PojoInstantiator - HHH000182: No default (no-argument) constructor for class: com.m3.model.FriendshipKey (class must be instantiated by Interceptor)
2020-11-10 21:57:40.147 [main] WARN  org.hibernate.mapping.RootClass - HHH000038: Composite-id class does not override equals(): com.m3.model.FriendshipKey
2020-11-10 21:57:40.147 [main] WARN  org.hibernate.mapping.RootClass - HHH000039: Composite-id class does not override hashCode(): com.m3.model.FriendshipKey
2020-11-10 21:57:40.292 [main] INFO  org.hibernate.validator.internal.util.Version - HV000001: Hibernate Validator 6.1.6.Final
2020-11-10 21:57:41.510 [main] WARN  org.springframework.context.support.ClassPathXmlApplicationContext - Exception encountered during context initialization - cancelling refresh attempt: org.springframework.beans.factory.BeanCreationException: Error creating bean with name 'getJavaMailSender' defined in com.m3.service.MailService: Bean instantiation via factory method failed; nested exception is org.springframework.beans.BeanInstantiationException: Failed to instantiate [org.springframework.mail.javamail.JavaMailSender]: Factory method 'getJavaMailSender' threw exception; nested exception is java.lang.NullPointerException
2020-11-10 21:57:42.010 [main] INFO  org.hibernate.dialect.Dialect - HHH000400: Using dialect: org.hibernate.dialect.H2Dialect
2020-11-10 21:57:42.033 [main] INFO  org.hibernate.tuple.PojoInstantiator - HHH000182: No default (no-argument) constructor for class: com.m3.model.FriendshipKey (class must be instantiated by Interceptor)
2020-11-10 21:57:42.033 [main] WARN  org.hibernate.mapping.RootClass - HHH000038: Composite-id class does not override equals(): com.m3.model.FriendshipKey
2020-11-10 21:57:42.033 [main] WARN  org.hibernate.mapping.RootClass - HHH000039: Composite-id class does not override hashCode(): com.m3.model.FriendshipKey
2020-11-10 21:57:42.257 [main] WARN  org.springframework.context.support.ClassPathXmlApplicationContext - Exception encountered during context initialization - cancelling refresh attempt: org.springframework.beans.factory.BeanCreationException: Error creating bean with name 'getJavaMailSender' defined in com.m3.service.MailService: Bean instantiation via factory method failed; nested exception is org.springframework.beans.BeanInstantiationException: Failed to instantiate [org.springframework.mail.javamail.JavaMailSender]: Factory method 'getJavaMailSender' threw exception; nested exception is java.lang.NullPointerException
2020-11-10 21:57:42.384 [main] INFO  org.hibernate.dialect.Dialect - HHH000400: Using dialect: org.hibernate.dialect.H2Dialect
2020-11-10 21:57:42.406 [main] INFO  org.hibernate.tuple.PojoInstantiator - HHH000182: No default (no-argument) constructor for class: com.m3.model.FriendshipKey (class must be instantiated by Interceptor)
2020-11-10 21:57:42.406 [main] WARN  org.hibernate.mapping.RootClass - HHH000038: Composite-id class does not override equals(): com.m3.model.FriendshipKey
2020-11-10 21:57:42.406 [main] WARN  org.hibernate.mapping.RootClass - HHH000039: Composite-id class does not override hashCode(): com.m3.model.FriendshipKey
2020-11-10 21:57:42.576 [main] WARN  org.springframework.context.support.ClassPathXmlApplicationContext - Exception encountered during context initialization - cancelling refresh attempt: org.springframework.beans.factory.BeanCreationException: Error creating bean with name 'getJavaMailSender' defined in com.m3.service.MailService: Bean instantiation via factory method failed; nested exception is org.springframework.beans.BeanInstantiationException: Failed to instantiate [org.springframework.mail.javamail.JavaMailSender]: Factory method 'getJavaMailSender' threw exception; nested exception is java.lang.NullPointerException
2020-11-10 21:57:42.692 [main] INFO  org.hibernate.dialect.Dialect - HHH000400: Using dialect: org.hibernate.dialect.H2Dialect
2020-11-10 21:57:42.709 [main] INFO  org.hibernate.tuple.PojoInstantiator - HHH000182: No default (no-argument) constructor for class: com.m3.model.FriendshipKey (class must be instantiated by Interceptor)
2020-11-10 21:57:42.709 [main] WARN  org.hibernate.mapping.RootClass - HHH000038: Composite-id class does not override equals(): com.m3.model.FriendshipKey
2020-11-10 21:57:42.709 [main] WARN  org.hibernate.mapping.RootClass - HHH000039: Composite-id class does not override hashCode(): com.m3.model.FriendshipKey
2020-11-10 21:57:42.853 [main] WARN  org.springframework.context.support.ClassPathXmlApplicationContext - Exception encountered during context initialization - cancelling refresh attempt: org.springframework.beans.factory.BeanCreationException: Error creating bean with name 'getJavaMailSender' defined in com.m3.service.MailService: Bean instantiation via factory method failed; nested exception is org.springframework.beans.BeanInstantiationException: Failed to instantiate [org.springframework.mail.javamail.JavaMailSender]: Factory method 'getJavaMailSender' threw exception; nested exception is java.lang.NullPointerException
2020-11-10 21:57:42.951 [main] INFO  org.hibernate.dialect.Dialect - HHH000400: Using dialect: org.hibernate.dialect.H2Dialect
2020-11-10 21:57:42.971 [main] INFO  org.hibernate.tuple.PojoInstantiator - HHH000182: No default (no-argument) constructor for class: com.m3.model.FriendshipKey (class must be instantiated by Interceptor)
2020-11-10 21:57:42.971 [main] WARN  org.hibernate.mapping.RootClass - HHH000038: Composite-id class does not override equals(): com.m3.model.FriendshipKey
2020-11-10 21:57:42.971 [main] WARN  org.hibernate.mapping.RootClass - HHH000039: Composite-id class does not override hashCode(): com.m3.model.FriendshipKey
2020-11-10 21:57:43.107 [main] WARN  org.springframework.context.support.ClassPathXmlApplicationContext - Exception encountered during context initialization - cancelling refresh attempt: org.springframework.beans.factory.BeanCreationException: Error creating bean with name 'getJavaMailSender' defined in com.m3.service.MailService: Bean instantiation via factory method failed; nested exception is org.springframework.beans.BeanInstantiationException: Failed to instantiate [org.springframework.mail.javamail.JavaMailSender]: Factory method 'getJavaMailSender' threw exception; nested exception is java.lang.NullPointerException
2020-11-10 21:57:43.201 [main] INFO  org.hibernate.dialect.Dialect - HHH000400: Using dialect: org.hibernate.dialect.H2Dialect
2020-11-10 21:57:43.220 [main] INFO  org.hibernate.tuple.PojoInstantiator - HHH000182: No default (no-argument) constructor for class: com.m3.model.FriendshipKey (class must be instantiated by Interceptor)
2020-11-10 21:57:43.220 [main] WARN  org.hibernate.mapping.RootClass - HHH000038: Composite-id class does not override equals(): com.m3.model.FriendshipKey
2020-11-10 21:57:43.221 [main] WARN  org.hibernate.mapping.RootClass - HHH000039: Composite-id class does not override hashCode(): com.m3.model.FriendshipKey
2020-11-10 21:57:43.342 [main] WARN  org.springframework.context.support.ClassPathXmlApplicationContext - Exception encountered during context initialization - cancelling refresh attempt: org.springframework.beans.factory.BeanCreationException: Error creating bean with name 'getJavaMailSender' defined in com.m3.service.MailService: Bean instantiation via factory method failed; nested exception is org.springframework.beans.BeanInstantiationException: Failed to instantiate [org.springframework.mail.javamail.JavaMailSender]: Factory method 'getJavaMailSender' threw exception; nested exception is java.lang.NullPointerException
2020-11-10 21:57:43.435 [main] INFO  org.hibernate.dialect.Dialect - HHH000400: Using dialect: org.hibernate.dialect.H2Dialect
2020-11-10 21:57:43.451 [main] INFO  org.hibernate.tuple.PojoInstantiator - HHH000182: No default (no-argument) constructor for class: com.m3.model.FriendshipKey (class must be instantiated by Interceptor)
2020-11-10 21:57:43.451 [main] WARN  org.hibernate.mapping.RootClass - HHH000038: Composite-id class does not override equals(): com.m3.model.FriendshipKey
2020-11-10 21:57:43.451 [main] WARN  org.hibernate.mapping.RootClass - HHH000039: Composite-id class does not override hashCode(): com.m3.model.FriendshipKey
2020-11-10 21:57:43.578 [main] WARN  org.springframework.context.support.ClassPathXmlApplicationContext - Exception encountered during context initialization - cancelling refresh attempt: org.springframework.beans.factory.BeanCreationException: Error creating bean with name 'getJavaMailSender' defined in com.m3.service.MailService: Bean instantiation via factory method failed; nested exception is org.springframework.beans.BeanInstantiationException: Failed to instantiate [org.springframework.mail.javamail.JavaMailSender]: Factory method 'getJavaMailSender' threw exception; nested exception is java.lang.NullPointerException
2020-11-10 21:57:43.679 [main] INFO  org.hibernate.dialect.Dialect - HHH000400: Using dialect: org.hibernate.dialect.H2Dialect
2020-11-10 21:57:43.694 [main] INFO  org.hibernate.tuple.PojoInstantiator - HHH000182: No default (no-argument) constructor for class: com.m3.model.FriendshipKey (class must be instantiated by Interceptor)
2020-11-10 21:57:43.694 [main] WARN  org.hibernate.mapping.RootClass - HHH000038: Composite-id class does not override equals(): com.m3.model.FriendshipKey
2020-11-10 21:57:43.694 [main] WARN  org.hibernate.mapping.RootClass - HHH000039: Composite-id class does not override hashCode(): com.m3.model.FriendshipKey
2020-11-10 21:57:43.818 [main] WARN  org.springframework.context.support.ClassPathXmlApplicationContext - Exception encountered during context initialization - cancelling refresh attempt: org.springframework.beans.factory.BeanCreationException: Error creating bean with name 'getJavaMailSender' defined in com.m3.service.MailService: Bean instantiation via factory method failed; nested exception is org.springframework.beans.BeanInstantiationException: Failed to instantiate [org.springframework.mail.javamail.JavaMailSender]: Factory method 'getJavaMailSender' threw exception; nested exception is java.lang.NullPointerException
2020-11-10 21:57:43.915 [main] INFO  org.hibernate.dialect.Dialect - HHH000400: Using dialect: org.hibernate.dialect.H2Dialect
2020-11-10 21:57:43.930 [main] INFO  org.hibernate.tuple.PojoInstantiator - HHH000182: No default (no-argument) constructor for class: com.m3.model.FriendshipKey (class must be instantiated by Interceptor)
2020-11-10 21:57:43.930 [main] WARN  org.hibernate.mapping.RootClass - HHH000038: Composite-id class does not override equals(): com.m3.model.FriendshipKey
2020-11-10 21:57:43.930 [main] WARN  org.hibernate.mapping.RootClass - HHH000039: Composite-id class does not override hashCode(): com.m3.model.FriendshipKey
2020-11-10 21:57:44.033 [main] WARN  org.springframework.context.support.ClassPathXmlApplicationContext - Exception encountered during context initialization - cancelling refresh attempt: org.springframework.beans.factory.BeanCreationException: Error creating bean with name 'getJavaMailSender' defined in com.m3.service.MailService: Bean instantiation via factory method failed; nested exception is org.springframework.beans.BeanInstantiationException: Failed to instantiate [org.springframework.mail.javamail.JavaMailSender]: Factory method 'getJavaMailSender' threw exception; nested exception is java.lang.NullPointerException
2020-11-10 21:57:44.138 [main] INFO  org.hibernate.dialect.Dialect - HHH000400: Using dialect: org.hibernate.dialect.H2Dialect
2020-11-10 21:57:44.151 [main] INFO  org.hibernate.tuple.PojoInstantiator - HHH000182: No default (no-argument) constructor for class: com.m3.model.FriendshipKey (class must be instantiated by Interceptor)
2020-11-10 21:57:44.151 [main] WARN  org.hibernate.mapping.RootClass - HHH000038: Composite-id class does not override equals(): com.m3.model.FriendshipKey
2020-11-10 21:57:44.151 [main] WARN  org.hibernate.mapping.RootClass - HHH000039: Composite-id class does not override hashCode(): com.m3.model.FriendshipKey
2020-11-10 21:57:44.256 [main] WARN  org.springframework.context.support.ClassPathXmlApplicationContext - Exception encountered during context initialization - cancelling refresh attempt: org.springframework.beans.factory.BeanCreationException: Error creating bean with name 'getJavaMailSender' defined in com.m3.service.MailService: Bean instantiation via factory method failed; nested exception is org.springframework.beans.BeanInstantiationException: Failed to instantiate [org.springframework.mail.javamail.JavaMailSender]: Factory method 'getJavaMailSender' threw exception; nested exception is java.lang.NullPointerException
2020-11-10 21:57:44.368 [main] INFO  org.hibernate.dialect.Dialect - HHH000400: Using dialect: org.hibernate.dialect.H2Dialect
2020-11-10 21:57:44.381 [main] INFO  org.hibernate.tuple.PojoInstantiator - HHH000182: No default (no-argument) constructor for class: com.m3.model.FriendshipKey (class must be instantiated by Interceptor)
2020-11-10 21:57:44.381 [main] WARN  org.hibernate.mapping.RootClass - HHH000038: Composite-id class does not override equals(): com.m3.model.FriendshipKey
2020-11-10 21:57:44.381 [main] WARN  org.hibernate.mapping.RootClass - HHH000039: Composite-id class does not override hashCode(): com.m3.model.FriendshipKey
2020-11-10 21:57:44.482 [main] WARN  org.springframework.context.support.ClassPathXmlApplicationContext - Exception encountered during context initialization - cancelling refresh attempt: org.springframework.beans.factory.BeanCreationException: Error creating bean with name 'getJavaMailSender' defined in com.m3.service.MailService: Bean instantiation via factory method failed; nested exception is org.springframework.beans.BeanInstantiationException: Failed to instantiate [org.springframework.mail.javamail.JavaMailSender]: Factory method 'getJavaMailSender' threw exception; nested exception is java.lang.NullPointerException
2020-11-10 21:57:44.568 [main] INFO  org.hibernate.dialect.Dialect - HHH000400: Using dialect: org.hibernate.dialect.H2Dialect
2020-11-10 21:57:44.580 [main] INFO  org.hibernate.tuple.PojoInstantiator - HHH000182: No default (no-argument) constructor for class: com.m3.model.FriendshipKey (class must be instantiated by Interceptor)
2020-11-10 21:57:44.580 [main] WARN  org.hibernate.mapping.RootClass - HHH000038: Composite-id class does not override equals(): com.m3.model.FriendshipKey
2020-11-10 21:57:44.580 [main] WARN  org.hibernate.mapping.RootClass - HHH000039: Composite-id class does not override hashCode(): com.m3.model.FriendshipKey
2020-11-10 21:57:44.673 [main] WARN  org.springframework.context.support.ClassPathXmlApplicationContext - Exception encountered during context initialization - cancelling refresh attempt: org.springframework.beans.factory.BeanCreationException: Error creating bean with name 'getJavaMailSender' defined in com.m3.service.MailService: Bean instantiation via factory method failed; nested exception is org.springframework.beans.BeanInstantiationException: Failed to instantiate [org.springframework.mail.javamail.JavaMailSender]: Factory method 'getJavaMailSender' threw exception; nested exception is java.lang.NullPointerException
2020-11-10 21:57:44.781 [main] INFO  org.hibernate.dialect.Dialect - HHH000400: Using dialect: org.hibernate.dialect.H2Dialect
2020-11-10 21:57:44.793 [main] INFO  org.hibernate.tuple.PojoInstantiator - HHH000182: No default (no-argument) constructor for class: com.m3.model.FriendshipKey (class must be instantiated by Interceptor)
2020-11-10 21:57:44.794 [main] WARN  org.hibernate.mapping.RootClass - HHH000038: Composite-id class does not override equals(): com.m3.model.FriendshipKey
2020-11-10 21:57:44.794 [main] WARN  org.hibernate.mapping.RootClass - HHH000039: Composite-id class does not overrid2020-11-10 21:58:02.104 [main] INFO  org.hibernate.Version - HHH000412: Hibernate ORM core version 5.4.22.Final
2020-11-10 21:58:02.352 [main] INFO  org.hibernate.annotations.common.Version - HCANN000001: Hibernate Commons Annotations {5.1.0.Final}
2020-11-10 21:58:03.024 [main] INFO  org.hibernate.dialect.Dialect - HHH000400: Using dialect: org.hibernate.dialect.H2Dialect
2020-11-10 21:58:03.460 [main] INFO  org.hibernate.tuple.PojoInstantiator - HHH000182: No default (no-argument) constructor for class: com.m3.model.FriendshipKey (class must be instantiated by Interceptor)
2020-11-10 21:58:03.462 [main] WARN  org.hibernate.mapping.RootClass - HHH000038: Composite-id class does not override equals(): com.m3.model.FriendshipKey
2020-11-10 21:58:03.462 [main] WARN  org.hibernate.mapping.RootClass - HHH000039: Composite-id class does not override hashCode(): com.m3.model.FriendshipKey
2020-11-10 21:58:03.615 [main] INFO  org.hibernate.validator.internal.util.Version - HV000001: Hibernate Validator 6.1.6.Final
2020-11-10 21:58:04.665 [main] WARN  org.springframework.context.support.ClassPathXmlApplicationContext - Exception encountered during context initialization - cancelling refresh attempt: org.springframework.beans.factory.BeanCreationException: Error creating bean with name 'getJavaMailSender' defined in com.m3.service.MailService: Bean instantiation via factory method failed; nested exception is org.springframework.beans.BeanInstantiationException: Failed to instantiate [org.springframework.mail.javamail.JavaMailSender]: Factory method 'getJavaMailSender' threw exception; nested exception is java.lang.NullPointerException
2020-11-10 21:58:05.077 [main] INFO  org.hibernate.dialect.Dialect - HHH000400: Using dialect: org.hibernate.dialect.H2Dialect
2020-11-10 21:58:05.097 [main] INFO  org.hibernate.tuple.PojoInstantiator - HHH000182: No default (no-argument) constructor for class: com.m3.model.FriendshipKey (class must be instantiated by Interceptor)
2020-11-10 21:58:05.097 [main] WARN  org.hibernate.mapping.RootClass - HHH000038: Composite-id class does not override equals(): com.m3.model.FriendshipKey
2020-11-10 21:58:05.097 [main] WARN  org.hibernate.mapping.RootClass - HHH000039: Composite-id class does not override hashCode(): com.m3.model.FriendshipKey
2020-11-10 21:58:05.322 [main] WARN  org.springframework.context.support.ClassPathXmlApplicationContext - Exception encountered during context initialization - cancelling refresh attempt: org.springframework.beans.factory.BeanCreationException: Error creating bean with name 'getJavaMailSender' defined in com.m3.service.MailService: Bean instantiation via factory method failed; nested exception is org.springframework.beans.BeanInstantiationException: Failed to instantiate [org.springframework.mail.javamail.JavaMailSender]: Factory method 'getJavaMailSender' threw exception; nested exception is java.lang.NullPointerException
2020-11-10 21:58:05.449 [main] INFO  org.hibernate.dialect.Dialect - HHH000400: Using dialect: org.hibernate.dialect.H2Dialect
2020-11-10 21:58:05.475 [main] INFO  org.hibernate.tuple.PojoInstantiator - HHH000182: No default (no-argument) constructor for class: com.m3.model.FriendshipKey (class must be instantiated by Interceptor)
2020-11-10 21:58:05.475 [main] WARN  org.hibernate.mapping.RootClass - HHH000038: Composite-id class does not override equals(): com.m3.model.FriendshipKey
2020-11-10 21:58:05.475 [main] WARN  org.hibernate.mapping.RootClass - HHH000039: Composite-id class does not override hashCode(): com.m3.model.FriendshipKey
2020-11-10 21:58:05.657 [main] WARN  org.springframework.context.support.ClassPathXmlApplicationContext - Exception encountered during context initialization - cancelling refresh attempt: org.springframework.beans.factory.BeanCreationException: Error creating bean with name 'getJavaMailSender' defined in com.m3.service.MailService: Bean instantiation via factory method failed; nested exception is org.springframework.beans.BeanInstantiationException: Failed to instantiate [org.springframework.mail.javamail.JavaMailSender]: Factory method 'getJavaMailSender' threw exception; nested exception is java.lang.NullPointerException
2020-11-10 21:58:05.759 [main] INFO  org.hibernate.dialect.Dialect - HHH000400: Using dialect: org.hibernate.dialect.H2Dialect
2020-11-10 21:58:05.781 [main] INFO  org.hibernate.tuple.PojoInstantiator - HHH000182: No default (no-argument) constructor for class: com.m3.model.FriendshipKey (class must be instantiated by Interceptor)
2020-11-10 21:58:05.781 [main] WARN  org.hibernate.mapping.RootClass - HHH000038: Composite-id class does not override equals(): com.m3.model.FriendshipKey
2020-11-10 21:58:05.781 [main] WARN  org.hibernate.mapping.RootClass - HHH000039: Composite-id class does not override hashCode(): com.m3.model.FriendshipKey
2020-11-10 21:58:05.912 [main] WARN  org.springframework.context.support.ClassPathXmlApplicationContext - Exception encountered during context initialization - cancelling refresh attempt: org.springframework.beans.factory.BeanCreationException: Error creating bean with name 'getJavaMailSender' defined in com.m3.service.MailService: Bean instantiation via factory method failed; nested exception is org.springframework.beans.BeanInstantiationException: Failed to instantiate [org.springframework.mail.javamail.JavaMailSender]: Factory method 'getJavaMailSender' threw exception; nested exception is java.lang.NullPointerException
2020-11-10 21:58:06.004 [main] INFO  org.hibernate.dialect.Dialect - HHH000400: Using dialect: org.hibernate.dialect.H2Dialect
2020-11-10 21:58:06.022 [main] INFO  org.hibernate.tuple.PojoInstantiator - HHH000182: No default (no-argument) constructor for class: com.m3.model.FriendshipKey (class must be instantiated by Interceptor)
2020-11-10 21:58:06.023 [main] WARN  org.hibernate.mapping.RootClass - HHH000038: Composite-id class does not override equals(): com.m3.model.FriendshipKey
2020-11-10 21:58:06.023 [main] WARN  org.hibernate.mapping.RootClass - HHH000039: Composite-id class does not override hashCode(): com.m3.model.FriendshipKey
2020-11-10 21:58:06.148 [main] WARN  org.springframework.context.support.ClassPathXmlApplicationContext - Exception encountered during context initialization - cancelling refresh attempt: org.springframework.beans.factory.BeanCreationException: Error creating bean with name 'getJavaMailSender' defined in com.m3.service.MailService: Bean instantiation via factory method failed; nested exception is org.springframework.beans.BeanInstantiationException: Failed to instantiate [org.springframework.mail.javamail.JavaMailSender]: Factory method 'getJavaMailSender' threw exception; nested exception is java.lang.NullPointerException
2020-11-10 21:58:06.230 [main] INFO  org.hibernate.dialect.Dialect - HHH000400: Using dialect: org.hibernate.dialect.H2Dialect
2020-11-10 21:58:06.247 [main] INFO  org.hibernate.tuple.PojoInstantiator - HHH000182: No default (no-argument) constructor for class: com.m3.model.FriendshipKey (class must be instantiated by Interceptor)
2020-11-10 21:58:06.247 [main] WARN  org.hibernate.mapping.RootClass - HHH000038: Composite-id class does not override equals(): com.m3.model.FriendshipKey
2020-11-10 21:58:06.247 [main] WARN  org.hibernate.mapping.RootClass - HHH000039: Composite-id class does not override hashCode(): com.m3.model.FriendshipKey
2020-11-10 21:58:06.356 [main] WARN  org.springframework.context.support.ClassPathXmlApplicationContext - Exception encountered during context initialization - cancelling refresh attempt: org.springframework.beans.factory.BeanCreationException: Error creating bean with name 'getJavaMailSender' defined in com.m3.service.MailService: Bean instantiation via factory method failed; nested exception is org.springframework.beans.BeanInstantiationException: Failed to instantiate [org.springframework.mail.javamail.JavaMailSender]: Factory method 'getJavaMailSender' threw exception; nested exception is java.lang.NullPointerException
2020-11-10 21:58:06.444 [main] INFO  org.hibernate.dialect.Dialect - HHH000400: Using dialect: org.hibernate.dialect.H2Dialect
2020-11-10 21:58:06.460 [main] INFO  org.hibernate.tuple.PojoInstantiator - HHH000182: No default (no-argument) constructor for class: com.m3.model.FriendshipKey (class must be instantiated by Interceptor)
2020-11-10 21:58:06.460 [main] WARN  org.hibernate.mapping.RootClass - HHH000038: Composite-id class does not override equals(): com.m3.model.FriendshipKey
2020-11-10 21:58:06.460 [main] WARN  org.hibernate.mapping.RootClass - HHH000039: Composite-id class does not override hashCode(): com.m3.model.FriendshipKey
2020-11-10 21:58:06.582 [main] WARN  org.springframework.context.support.ClassPathXmlApplicationContext - Exception encountered during context initialization - cancelling refresh attempt: org.springframework.beans.factory.BeanCreationException: Error creating bean with name 'getJavaMailSender' defined in com.m3.service.MailService: Bean instantiation via factory method failed; nested exception is org.springframework.beans.BeanInstantiationException: Failed to instantiate [org.springframework.mail.javamail.JavaMailSender]: Factory method 'getJavaMailSender' threw exception; nested exception is java.lang.NullPointerException
2020-11-10 21:58:06.668 [main] INFO  org.hibernate.dialect.Dialect - HHH000400: Using dialect: org.hibernate.dialect.H2Dialect
2020-11-10 21:58:06.685 [main] INFO  org.hibernate.tuple.PojoInstantiator - HHH000182: No default (no-argument) constructor for class: com.m3.model.FriendshipKey (class must be instantiated by Interceptor)
2020-11-10 21:58:06.685 [main] WARN  org.hibernate.mapping.RootClass - HHH000038: Composite-id class does not override equals(): com.m3.model.FriendshipKey
2020-11-10 21:58:06.685 [main] WARN  org.hibernate.mapping.RootClass - HHH000039: Composite-id class does not override hashCode(): com.m3.model.FriendshipKey
2020-11-10 21:58:06.798 [main] WARN  org.springframework.context.support.ClassPathXmlApplicationContext - Exception encountered during context initialization - cancelling refresh attempt: org.springframework.beans.factory.BeanCreationException: Error creating bean with name 'getJavaMailSender' defined in com.m3.service.MailService: Bean instantiation via factory method failed; nested exception is org.springframework.beans.BeanInstantiationException: Failed to instantiate [org.springframework.mail.javamail.JavaMailSender]: Factory method 'getJavaMailSender' threw exception; nested exception is java.lang.NullPointerException
2020-11-10 21:58:06.912 [main] INFO  org.hibernate.dialect.Dialect - HHH000400: Using dialect: org.hibernate.dialect.H2Dialect
2020-11-10 21:58:06.929 [main] INFO  org.hibernate.tuple.PojoInstantiator - HHH000182: No default (no-argument) constructor for class: com.m3.model.FriendshipKey (class must be instantiated by Interceptor)
2020-11-10 21:58:06.929 [main] WARN  org.hibernate.mapping.RootClass - HHH000038: Composite-id class does not override equals(): com.m3.model.FriendshipKey
2020-11-10 21:58:06.929 [main] WARN  org.hibernate.mapping.RootClass - HHH000039: Composite-id class does not override hashCode(): com.m3.model.FriendshipKey
2020-11-10 21:58:07.029 [main] WARN  org.springframework.context.support.ClassPathXmlApplicationContext - Exception encountered during context initialization - cancelling refresh attempt: org.springframework.beans.factory.BeanCreationException: Error creating bean with name 'getJavaMailSender' defined in com.m3.service.MailService: Bean instantiation via factory method failed; nested exception is org.springframework.beans.BeanInstantiationException: Failed to instantiate [org.springframework.mail.javamail.JavaMailSender]: Factory method 'getJavaMailSender' threw exception; nested exception is java.lang.NullPointerException
2020-11-10 21:58:07.132 [main] INFO  org.hibernate.dialect.Dialect - HHH000400: Using dialect: org.hibernate.dialect.H2Dialect
2020-11-10 21:58:07.147 [main] INFO  org.hibernate.tuple.PojoInstantiator - HHH000182: No default (no-argument) constructor for class: com.m3.model.FriendshipKey (class must be instantiated by Interceptor)
2020-11-10 21:58:07.147 [main] WARN  org.hibernate.mapping.RootClass - HHH000038: Composite-id class does not override equals(): com.m3.model.FriendshipKey
2020-11-10 21:58:07.147 [main] WARN  org.hibernate.mapping.RootClass - HHH000039: Composite-id class does not override hashCode(): com.m3.model.FriendshipKey
2020-11-10 21:58:07.242 [main] WARN  org.springframework.context.support.ClassPathXmlApplicationContext - Exception encountered during context initialization - cancelling refresh attempt: org.springframework.beans.factory.BeanCreationException: Error creating bean with name 'getJavaMailSender' defined in com.m3.service.MailService: Bean instantiation via factory method failed; nested exception is org.springframework.beans.BeanInstantiationException: Failed to instantiate [org.springframework.mail.javamail.JavaMailSender]: Factory method 'getJavaMailSender' threw exception; nested exception is java.lang.NullPointerException
2020-11-10 21:58:07.359 [main] INFO  org.hibernate.dialect.Dialect - HHH000400: Using dialect: org.hibernate.dialect.H2Dialect
2020-11-10 21:58:07.377 [main] INFO  org.hibernate.tuple.PojoInstantiator - HHH000182: No default (no-argument) constructor for class: com.m3.model.FriendshipKey (class must be instantiated by Interceptor)
2020-11-10 21:58:07.377 [main] WARN  org.hibernate.mapping.RootClass - HHH000038: Composite-id class does not override equals(): com.m3.model.FriendshipKey
2020-11-10 21:58:07.378 [main] WARN  org.hibernate.mapping.RootClass - HHH000039: Composite-id class does not override hashCode(): com.m3.model.FriendshipKey
2020-11-10 21:58:07.482 [main] WARN  org.springframework.context.support.ClassPathXmlApplicationContext - Exception encountered during context initialization - cancelling refresh attempt: org.springframework.beans.factory.BeanCreationException: Error creating bean with name 'getJavaMailSender' defined in com.m3.service.MailService: Bean instantiation via factory method failed; nested exception is org.springframework.beans.BeanInstantiationException: Failed to instantiate [org.springframework.mail.javamail.JavaMailSender]: Factory method 'getJavaMailSender' threw exception; nested exception is java.lang.NullPointerException
2020-11-10 21:58:07.570 [main] INFO  org.hibernate.dialect.Dialect - HHH000400: Using dialect: org.hibernate.dialect.H2Dialect
2020-11-10 21:58:07.588 [main] INFO  org.hibernate.tuple.PojoInstantiator - HHH000182: No default (no-argument) constructor for class: com.m3.model.FriendshipKey (class must be instantiated by Interceptor)
2020-11-10 21:58:07.588 [main] WARN  org.hibernate.mapping.RootClass - HHH000038: Composite-id class does not override equals(): com.m3.model.FriendshipKey
2020-11-10 21:58:07.588 [main] WARN  org.hibernate.mapping.RootClass - HHH000039: Composite-id class does not override hashCode(): com.m3.model.FriendshipKey
2020-11-10 21:58:07.678 [main] WARN  org.springframework.context.support.ClassPathXmlApplicationContext - Exception encountered during context initialization - cancelling refresh attempt: org.springframework.beans.factory.BeanCreationException: Error creating bean with name 'getJavaMailSender' defined in com.m3.service.MailService: Bean instantiation via factory method failed; nested exception is org.springframework.beans.BeanInstantiationException: Failed to instantiate [org.springframework.mail.javamail.JavaMailSender]: Factory method 'getJavaMailSender' threw exception; nested exception is java.lang.NullPointerException
2020-11-10 21:58:07.773 [main] INFO  org.hibernate.dialect.Dialect - HHH000400: Using dialect: org.hibernate.dialect.H2Dialect
2020-11-10 21:58:07.789 [main] INFO  org.hibernate.tuple.PojoInstantiator - HHH000182: No default (no-argument) constructor for class: com.m3.model.FriendshipKey (class must be instantiated by Interceptor)
2020-11-10 21:58:07.789 [main] WARN  org.hibernate.mapping.RootClass - HHH000038: Composite-id class does not override equals(): com.m3.model.FriendshipKey
2020-11-10 21:58:07.789 [main] WARN  org.hibernate.mapping.RootClass - HHH000039: Composite-id class does not overrid2020-11-10 21:59:01.819 [main] INFO  org.hibernate.Version - HHH000412: Hibernate ORM core version 5.4.22.Final
2020-11-10 21:59:02.101 [main] INFO  org.hibernate.annotations.common.Version - HCANN000001: Hibernate Commons Annotations {5.1.0.Final}
2020-11-10 21:59:02.853 [main] INFO  org.hibernate.dialect.Dialect - HHH000400: Using dialect: org.hibernate.dialect.H2Dialect
2020-11-10 21:59:03.356 [main] INFO  org.hibernate.tuple.PojoInstantiator - HHH000182: No default (no-argument) constructor for class: com.m3.model.FriendshipKey (class must be instantiated by Interceptor)
2020-11-10 21:59:03.358 [main] WARN  org.hibernate.mapping.RootClass - HHH000038: Composite-id class does not override equals(): com.m3.model.FriendshipKey
2020-11-10 21:59:03.358 [main] WARN  org.hibernate.mapping.RootClass - HHH000039: Composite-id class does not override hashCode(): com.m3.model.FriendshipKey
2020-11-10 21:59:03.509 [main] INFO  org.hibernate.validator.internal.util.Version - HV000001: Hibernate Validator 6.1.6.Final
2020-11-10 21:59:04.557 [main] WARN  org.springframework.context.support.ClassPathXmlApplicationContext - Exception encountered during context initialization - cancelling refresh attempt: org.springframework.beans.factory.UnsatisfiedDependencyException: Error creating bean with name 'userController': Unsatisfied dependency expressed through method 'setMs' parameter 0; nested exception is org.springframework.beans.factory.NoSuchBeanDefinitionException: No qualifying bean of type 'com.m3.service.MailService' available: expected at least 1 bean which qualifies as autowire candidate. Dependency annotations: {}
2020-11-10 21:59:04.960 [main] INFO  org.hibernate.dialect.Dialect - HHH000400: Using dialect: org.hibernate.dialect.H2Dialect
2020-11-10 21:59:04.982 [main] INFO  org.hibernate.tuple.PojoInstantiator - HHH000182: No default (no-argument) constructor for class: com.m3.model.FriendshipKey (class must be instantiated by Interceptor)
2020-11-10 21:59:04.982 [main] WARN  org.hibernate.mapping.RootClass - HHH000038: Composite-id class does not override equals(): com.m3.model.FriendshipKey
2020-11-10 21:59:04.982 [main] WARN  org.hibernate.mapping.RootClass - HHH000039: Composite-id class does not override hashCode(): com.m3.model.FriendshipKey
2020-11-10 21:59:05.188 [main] WARN  org.springframework.context.support.ClassPathXmlApplicationContext - Exception encountered during context initialization - cancelling refresh attempt: org.springframework.beans.factory.UnsatisfiedDependencyException: Error creating bean with name 'userController': Unsatisfied dependency expressed through method 'setMs' parameter 0; nested exception is org.springframework.beans.factory.NoSuchBeanDefinitionException: No qualifying bean of type 'com.m3.service.MailService' available: expected at least 1 bean which qualifies as autowire candidate. Dependency annotations: {}
2020-11-10 21:59:05.328 [main] INFO  org.hibernate.dialect.Dialect - HHH000400: Using dialect: org.hibernate.dialect.H2Dialect
2020-11-10 21:59:05.354 [main] INFO  org.hibernate.tuple.PojoInstantiator - HHH000182: No default (no-argument) constructor for class: com.m3.model.FriendshipKey (class must be instantiated by Interceptor)
2020-11-10 21:59:05.354 [main] WARN  org.hibernate.mapping.RootClass - HHH000038: Composite-id class does not override equals(): com.m3.model.FriendshipKey
2020-11-10 21:59:05.354 [main] WARN  org.hibernate.mapping.RootClass - HHH000039: Composite-id class does not override hashCode(): com.m3.model.FriendshipKey
2020-11-10 21:59:05.542 [main] WARN  org.springframework.context.support.ClassPathXmlApplicationContext - Exception encountered during context initialization - cancelling refresh attempt: org.springframework.beans.factory.UnsatisfiedDependencyException: Error creating bean with name 'userController': Unsatisfied dependency expressed through method 'setMs' parameter 0; nested exception is org.springframework.beans.factory.NoSuchBeanDefinitionException: No qualifying bean of type 'com.m3.service.MailService' available: expected at least 1 bean which qualifies as autowire candidate. Dependency annotations: {}
2020-11-10 21:59:05.649 [main] INFO  org.hibernate.dialect.Dialect - HHH000400: Using dialect: org.hibernate.dialect.H2Dialect
2020-11-10 21:59:05.670 [main] INFO  org.hibernate.tuple.PojoInstantiator - HHH000182: No default (no-argument) constructor for class: com.m3.model.FriendshipKey (class must be instantiated by Interceptor)
2020-11-10 21:59:05.671 [main] WARN  org.hibernate.mapping.RootClass - HHH000038: Composite-id class does not override equals(): com.m3.model.FriendshipKey
2020-11-10 21:59:05.671 [main] WARN  org.hibernate.mapping.RootClass - HHH000039: Composite-id class does not override hashCode(): com.m3.model.FriendshipKey
2020-11-10 21:59:05.795 [main] WARN  org.springframework.context.support.ClassPathXmlApplicationContext - Exception encountered during context initialization - cancelling refresh attempt: org.springframework.beans.factory.UnsatisfiedDependencyException: Error creating bean with name 'userController': Unsatisfied dependency expressed through method 'setMs' parameter 0; nested exception is org.springframework.beans.factory.NoSuchBeanDefinitionException: No qualifying bean of type 'com.m3.service.MailService' available: expected at least 1 bean which qualifies as autowire candidate. Dependency annotations: {}
2020-11-10 21:59:05.880 [main] INFO  org.hibernate.dialect.Dialect - HHH000400: Using dialect: org.hibernate.dialect.H2Dialect
2020-11-10 21:59:05.900 [main] INFO  org.hibernate.tuple.PojoInstantiator - HHH000182: No default (no-argument) constructor for class: com.m3.model.FriendshipKey (class must be instantiated by Interceptor)
2020-11-10 21:59:05.900 [main] WARN  org.hibernate.mapping.RootClass - HHH000038: Composite-id class does not override equals(): com.m3.model.FriendshipKey
2020-11-10 21:59:05.900 [main] WARN  org.hibernate.mapping.RootClass - HHH000039: Composite-id class does not override hashCode(): com.m3.model.FriendshipKey
2020-11-10 21:59:06.012 [main] WARN  org.springframework.context.support.ClassPathXmlApplicationContext - Exception encountered during context initialization - cancelling refresh attempt: org.springframework.beans.factory.UnsatisfiedDependencyException: Error creating bean with name 'userController': Unsatisfied dependency expressed through method 'setMs' parameter 0; nested exception is org.springframework.beans.factory.NoSuchBeanDefinitionException: No qualifying bean of type 'com.m3.service.MailService' available: expected at least 1 bean which qualifies as autowire candidate. Dependency annotations: {}
2020-11-10 21:59:06.092 [main] INFO  org.hibernate.dialect.Dialect - HHH000400: Using dialect: org.hibernate.dialect.H2Dialect
2020-11-10 21:59:06.106 [main] INFO  org.hibernate.tuple.PojoInstantiator - HHH000182: No default (no-argument) constructor for class: com.m3.model.FriendshipKey (class must be instantiated by Interceptor)
2020-11-10 21:59:06.106 [main] WARN  org.hibernate.mapping.RootClass - HHH000038: Composite-id class does not override equals(): com.m3.model.FriendshipKey
2020-11-10 21:59:06.106 [main] WARN  org.hibernate.mapping.RootClass - HHH000039: Composite-id class does not override hashCode(): com.m3.model.FriendshipKey
2020-11-10 21:59:06.207 [main] WARN  org.springframework.context.support.ClassPathXmlApplicationContext - Exception encountered during context initialization - cancelling refresh attempt: org.springframework.beans.factory.UnsatisfiedDependencyException: Error creating bean with name 'userController': Unsatisfied dependency expressed through method 'setMs' parameter 0; nested exception is org.springframework.beans.factory.NoSuchBeanDefinitionException: No qualifying bean of type 'com.m3.service.MailService' available: expected at least 1 bean which qualifies as autowire candidate. Dependency annotations: {}
2020-11-10 21:59:06.299 [main] INFO  org.hibernate.dialect.Dialect - HHH000400: Using dialect: org.hibernate.dialect.H2Dialect
2020-11-10 21:59:06.313 [main] INFO  org.hibernate.tuple.PojoInstantiator - HHH000182: No default (no-argument) constructor for class: com.m3.model.FriendshipKey (class must be instantiated by Interceptor)
2020-11-10 21:59:06.313 [main] WARN  org.hibernate.mapping.RootClass - HHH000038: Composite-id class does not override equals(): com.m3.model.FriendshipKey
2020-11-10 21:59:06.313 [main] WARN  org.hibernate.mapping.RootClass - HHH000039: Composite-id class does not override hashCode(): com.m3.model.FriendshipKey
2020-11-10 21:59:06.406 [main] WARN  org.springframework.context.support.ClassPathXmlApplicationContext - Exception encountered during context initialization - cancelling refresh attempt: org.springframework.beans.factory.UnsatisfiedDependencyException: Error creating bean with name 'userController': Unsatisfied dependency expressed through method 'setMs' parameter 0; nested exception is org.springframework.beans.factory.NoSuchBeanDefinitionException: No qualifying bean of type 'com.m3.service.MailService' available: expected at least 1 bean which qualifies as autowire candidate. Dependency annotations: {}
2020-11-10 21:59:06.486 [main] INFO  org.hibernate.dialect.Dialect - HHH000400: Using dialect: org.hibernate.dialect.H2Dialect
2020-11-10 21:59:06.499 [main] INFO  org.hibernate.tuple.PojoInstantiator - HHH000182: No default (no-argument) constructor for class: com.m3.model.FriendshipKey (class must be instantiated by Interceptor)
2020-11-10 21:59:06.499 [main] WARN  org.hibernate.mapping.RootClass - HHH000038: Composite-id class does not override equals(): com.m3.model.FriendshipKey
2020-11-10 21:59:06.499 [main] WARN  org.hibernate.mapping.RootClass - HHH000039: Composite-id class does not override hashCode(): com.m3.model.FriendshipKey
2020-11-10 21:59:06.585 [main] WARN  org.springframework.context.support.ClassPathXmlApplicationContext - Exception encountered during context initialization - cancelling refresh attempt: org.springframework.beans.factory.UnsatisfiedDependencyException: Error creating bean with name 'userController': Unsatisfied dependency expressed through method 'setMs' parameter 0; nested exception is org.springframework.beans.factory.NoSuchBeanDefinitionException: No qualifying bean of type 'com.m3.service.MailService' available: expected at least 1 bean which qualifies as autowire candidate. Dependency annotations: {}
2020-11-10 21:59:06.682 [main] INFO  org.hibernate.dialect.Dialect - HHH000400: Using dialect: org.hibernate.dialect.H2Dialect
2020-11-10 21:59:06.700 [main] INFO  org.hibernate.tuple.PojoInstantiator - HHH000182: No default (no-argument) constructor for class: com.m3.model.FriendshipKey (class must be instantiated by Interceptor)
2020-11-10 21:59:06.700 [main] WARN  org.hibernate.mapping.RootClass - HHH000038: Composite-id class does not override equals(): com.m3.model.FriendshipKey
2020-11-10 21:59:06.700 [main] WARN  org.hibernate.mapping.RootClass - HHH000039: Composite-id class does not override hashCode(): com.m3.model.FriendshipKey
2020-11-10 21:59:06.813 [main] WARN  org.springframework.context.support.ClassPathXmlApplicationContext - Exception encountered during context initialization - cancelling refresh attempt: org.springframework.beans.factory.UnsatisfiedDependencyException: Error creating bean with name 'userController': Unsatisfied dependency expressed through method 'setMs' parameter 0; nested exception is org.springframework.beans.factory.NoSuchBeanDefinitionException: No qualifying bean of type 'com.m3.service.MailService' available: expected at least 1 bean which qualifies as autowire candidate. Dependency annotations: {}
2020-11-10 21:59:06.928 [main] INFO  org.hibernate.dialect.Dialect - HHH000400: Using dialect: org.hibernate.dialect.H2Dialect
2020-11-10 21:59:06.959 [main] INFO  org.hibernate.tuple.PojoInstantiator - HHH000182: No default (no-argument) constructor for class: com.m3.model.FriendshipKey (class must be instantiated by Interceptor)
2020-11-10 21:59:06.960 [main] WARN  org.hibernate.mapping.RootClass - HHH000038: Composite-id class does not override equals(): com.m3.model.FriendshipKey
2020-11-10 21:59:06.960 [main] WARN  org.hibernate.mapping.RootClass - HHH000039: Composite-id class does not override hashCode(): com.m3.model.FriendshipKey
2020-11-10 21:59:07.054 [main] WARN  org.springframework.context.support.ClassPathXmlApplicationContext - Exception encountered during context initialization - cancelling refresh attempt: org.springframework.beans.factory.UnsatisfiedDependencyException: Error creating bean with name 'userController': Unsatisfied dependency expressed through method 'setMs' parameter 0; nested exception is org.springframework.beans.factory.NoSuchBeanDefinitionException: No qualifying bean of type 'com.m3.service.MailService' available: expected at least 1 bean which qualifies as autowire candidate. Dependency annotations: {}
2020-11-10 21:59:07.136 [main] INFO  org.hibernate.dialect.Dialect - HHH000400: Using dialect: org.hibernate.dialect.H2Dialect
2020-11-10 21:59:07.153 [main] INFO  org.hibernate.tuple.PojoInstantiator - HHH000182: No default (no-argument) constructor for class: com.m3.model.FriendshipKey (class must be instantiated by Interceptor)
2020-11-10 21:59:07.153 [main] WARN  org.hibernate.mapping.RootClass - HHH000038: Composite-id class does not override equals(): com.m3.model.FriendshipKey
2020-11-10 21:59:07.153 [main] WARN  org.hibernate.mapping.RootClass - HHH000039: Composite-id class does not override hashCode(): com.m3.model.FriendshipKey
2020-11-10 21:59:07.251 [main] WARN  org.springframework.context.support.ClassPathXmlApplicationContext - Exception encountered during context initialization - cancelling refresh attempt: org.springframework.beans.factory.UnsatisfiedDependencyException: Error creating bean with name 'userController': Unsatisfied dependency expressed through method 'setMs' parameter 0; nested exception is org.springframework.beans.factory.NoSuchBeanDefinitionException: No qualifying bean of type 'com.m3.service.MailService' available: expected at least 1 bean which qualifies as autowire candidate. Dependency annotations: {}
2020-11-10 21:59:07.326 [main] INFO  org.hibernate.dialect.Dialect - HHH000400: Using dialect: org.hibernate.dialect.H2Dialect
2020-11-10 21:59:07.341 [main] INFO  org.hibernate.tuple.PojoInstantiator - HHH000182: No default (no-argument) constructor for class: com.m3.model.FriendshipKey (class must be instantiated by Interceptor)
2020-11-10 21:59:07.341 [main] WARN  org.hibernate.mapping.RootClass - HHH000038: Composite-id class does not override equals(): com.m3.model.FriendshipKey
2020-11-10 21:59:07.341 [main] WARN  org.hibernate.mapping.RootClass - HHH000039: Composite-id class does not override hashCode(): com.m3.model.FriendshipKey
2020-11-10 21:59:07.419 [main] WARN  org.springframework.context.support.ClassPathXmlApplicationContext - Exception encountered during context initialization - cancelling refresh attempt: org.springframework.beans.factory.UnsatisfiedDependencyException: Error creating bean with name 'userController': Unsatisfied dependency expressed through method 'setMs' parameter 0; nested exception is org.springframework.beans.factory.NoSuchBeanDefinitionException: No qualifying bean of type 'com.m3.service.MailService' available: expected at least 1 bean which qualifies as autowire candidate. Dependency annotations: {}
2020-11-10 21:59:07.517 [main] INFO  org.hibernate.dialect.Dialect - HHH000400: Using dialect: org.hibernate.dialect.H2Dialect
2020-11-10 21:59:07.532 [main] INFO  org.hibernate.tuple.PojoInstantiator - HHH000182: No default (no-argument) constructor for class: com.m3.model.FriendshipKey (class must be instantiated by Interceptor)
2020-11-10 21:59:07.532 [main] WARN  org.hibernate.mapping.RootClass - HHH000038: Composite-id class does not override equals(): com.m3.model.FriendshipKey
2020-11-10 21:59:07.533 [main] WARN  org.hibernate.mapping.RootClass - HHH000039: Composite-id class does not override hashCode(): com.m3.model.FriendshipKey
2020-11-10 21:59:07.611 [main] WARN  org.springframework.context.support.ClassPathXmlApplicationContext - Exception encountered during context initialization - ca2020-11-10 21:59:39.122 [main] INFO  org.hibernate.Version - HHH000412: Hibernate ORM core version 5.4.22.Final
2020-11-10 21:59:39.354 [main] INFO  org.hibernate.annotations.common.Version - HCANN000001: Hibernate Commons Annotations {5.1.0.Final}
2020-11-10 21:59:39.994 [main] INFO  org.hibernate.dialect.Dialect - HHH000400: Using dialect: org.hibernate.dialect.H2Dialect
2020-11-10 21:59:40.382 [main] INFO  org.hibernate.tuple.PojoInstantiator - HHH000182: No default (no-argument) constructor for class: com.m3.model.FriendshipKey (class must be instantiated by Interceptor)
2020-11-10 21:59:40.384 [main] WARN  org.hibernate.mapping.RootClass - HHH000038: Composite-id class does not override equals(): com.m3.model.FriendshipKey
2020-11-10 21:59:40.384 [main] WARN  org.hibernate.mapping.RootClass - HHH000039: Composite-id class does not override hashCode(): com.m3.model.FriendshipKey
2020-11-10 21:59:40.531 [main] INFO  org.hibernate.validator.internal.util.Version - HV000001: Hibernate Validator 6.1.6.Final
2020-11-10 21:59:41.694 [main] WARN  org.springframework.context.support.ClassPathXmlApplicationContext - Exception encountered during context initialization - cancelling refresh attempt: org.springframework.beans.factory.BeanCreationException: Error creating bean with name 'getJavaMailSender' defined in com.m3.service.MailService: Bean instantiation via factory method failed; nested exception is org.springframework.beans.BeanInstantiationException: Failed to instantiate [org.springframework.mail.javamail.JavaMailSender]: Factory method 'getJavaMailSender' threw exception; nested exception is java.lang.NullPointerException
2020-11-10 21:59:42.156 [main] INFO  org.hibernate.dialect.Dialect - HHH000400: Using dialect: org.hibernate.dialect.H2Dialect
2020-11-10 21:59:42.178 [main] INFO  org.hibernate.tuple.PojoInstantiator - HHH000182: No default (no-argument) constructor for class: com.m3.model.FriendshipKey (class must be instantiated by Interceptor)
2020-11-10 21:59:42.179 [main] WARN  org.hibernate.mapping.RootClass - HHH000038: Composite-id class does not override equals(): com.m3.model.FriendshipKey
2020-11-10 21:59:42.179 [main] WARN  org.hibernate.mapping.RootClass - HHH000039: Composite-id class does not override hashCode(): com.m3.model.FriendshipKey
2020-11-10 21:59:42.392 [main] WARN  org.springframework.context.support.ClassPathXmlApplicationContext - Exception encountered during context initialization - cancelling refresh attempt: org.springframework.beans.factory.BeanCreationException: Error creating bean with name 'getJavaMailSender' defined in com.m3.service.MailService: Bean instantiation via factory method failed; nested exception is org.springframework.beans.BeanInstantiationException: Failed to instantiate [org.springframework.mail.javamail.JavaMailSender]: Factory method 'getJavaMailSender' threw exception; nested exception is java.lang.NullPointerException
2020-11-10 21:59:42.522 [main] INFO  org.hibernate.dialect.Dialect - HHH000400: Using dialect: org.hibernate.dialect.H2Dialect
2020-11-10 21:59:42.548 [main] INFO  org.hibernate.tuple.PojoInstantiator - HHH000182: No default (no-argument) constructor for class: com.m3.model.FriendshipKey (class must be instantiated by Interceptor)
2020-11-10 21:59:42.548 [main] WARN  org.hibernate.mapping.RootClass - HHH000038: Composite-id class does not override equals(): com.m3.model.FriendshipKey
2020-11-10 21:59:42.548 [main] WARN  org.hibernate.mapping.RootClass - HHH000039: Composite-id class does not override hashCode(): com.m3.model.FriendshipKey
2020-11-10 21:59:42.725 [main] WARN  org.springframework.context.support.ClassPathXmlApplicationContext - Exception encountered during context initialization - cancelling refresh attempt: org.springframework.beans.factory.BeanCreationException: Error creating bean with name 'getJavaMailSender' defined in com.m3.service.MailService: Bean instantiation via factory method failed; nested exception is org.springframework.beans.BeanInstantiationException: Failed to instantiate [org.springframework.mail.javamail.JavaMailSender]: Factory method 'getJavaMailSender' threw exception; nested exception is java.lang.NullPointerException
2020-11-10 21:59:42.838 [main] INFO  org.hibernate.dialect.Dialect - HHH000400: Using dialect: org.hibernate.dialect.H2Dialect
2020-11-10 21:59:42.853 [main] INFO  org.hibernate.tuple.PojoInstantiator - HHH000182: No default (no-argument) constructor for class: com.m3.model.FriendshipKey (class must be instantiated by Interceptor)
2020-11-10 21:59:42.853 [main] WARN  org.hibernate.mapping.RootClass - HHH000038: Composite-id class does not override equals(): com.m3.model.FriendshipKey
2020-11-10 21:59:42.853 [main] WARN  org.hibernate.mapping.RootClass - HHH000039: Composite-id class does not override hashCode(): com.m3.model.FriendshipKey
2020-11-10 21:59:43.003 [main] WARN  org.springframework.context.support.ClassPathXmlApplicationContext - Exception encountered during context initialization - cancelling refresh attempt: org.springframework.beans.factory.BeanCreationException: Error creating bean with name 'getJavaMailSender' defined in com.m3.service.MailService: Bean instantiation via factory method failed; nested exception is org.springframework.beans.BeanInstantiationException: Failed to instantiate [org.springframework.mail.javamail.JavaMailSender]: Factory method 'getJavaMailSender' threw exception; nested exception is java.lang.NullPointerException
2020-11-10 21:59:43.101 [main] INFO  org.hibernate.dialect.Dialect - HHH000400: Using dialect: org.hibernate.dialect.H2Dialect
2020-11-10 21:59:43.120 [main] INFO  org.hibernate.tuple.PojoInstantiator - HHH000182: No default (no-argument) constructor for class: com.m3.model.FriendshipKey (class must be instantiated by Interceptor)
2020-11-10 21:59:43.121 [main] WARN  org.hibernate.mapping.RootClass - HHH000038: Composite-id class does not override equals(): com.m3.model.FriendshipKey
2020-11-10 21:59:43.121 [main] WARN  org.hibernate.mapping.RootClass - HHH000039: Composite-id class does not override hashCode(): com.m3.model.FriendshipKey
2020-11-10 21:59:43.252 [main] WARN  org.springframework.context.support.ClassPathXmlApplicationContext - Exception encountered during context initialization - cancelling refresh attempt: org.springframework.beans.factory.BeanCreationException: Error creating bean with name 'getJavaMailSender' defined in com.m3.service.MailService: Bean instantiation via factory method failed; nested exception is org.springframework.beans.BeanInstantiationException: Failed to instantiate [org.springframework.mail.javamail.JavaMailSender]: Factory method 'getJavaMailSender' threw exception; nested exception is java.lang.NullPointerException
2020-11-10 21:59:43.350 [main] INFO  org.hibernate.dialect.Dialect - HHH000400: Using dialect: org.hibernate.dialect.H2Dialect
2020-11-10 21:59:43.364 [main] INFO  org.hibernate.tuple.PojoInstantiator - HHH000182: No default (no-argument) constructor for class: com.m3.model.FriendshipKey (class must be instantiated by Interceptor)
2020-11-10 21:59:43.364 [main] WARN  org.hibernate.mapping.RootClass - HHH000038: Composite-id class does not override equals(): com.m3.model.FriendshipKey
2020-11-10 21:59:43.364 [main] WARN  org.hibernate.mapping.RootClass - HHH000039: Composite-id class does not override hashCode(): com.m3.model.FriendshipKey
2020-11-10 21:59:43.464 [main] WARN  org.springframework.context.support.ClassPathXmlApplicationContext - Exception encountered during context initialization - cancelling refresh attempt: org.springframework.beans.factory.BeanCreationException: Error creating bean with name 'getJavaMailSender' defined in com.m3.service.MailService: Bean instantiation via factory method failed; nested exception is org.springframework.beans.BeanInstantiationException: Failed to instantiate [org.springframework.mail.javamail.JavaMailSender]: Factory method 'getJavaMailSender' threw exception; nested exception is java.lang.NullPointerException
2020-11-10 21:59:43.545 [main] INFO  org.hibernate.dialect.Dialect - HHH000400: Using dialect: org.hibernate.dialect.H2Dialect
2020-11-10 21:59:43.559 [main] INFO  org.hibernate.tuple.PojoInstantiator - HHH000182: No default (no-argument) constructor for class: com.m3.model.FriendshipKey (class must be instantiated by Interceptor)
2020-11-10 21:59:43.559 [main] WARN  org.hibernate.mapping.RootClass - HHH000038: Composite-id class does not override equals(): com.m3.model.FriendshipKey
2020-11-10 21:59:43.559 [main] WARN  org.hibernate.mapping.RootClass - HHH000039: Composite-id class does not override hashCode(): com.m3.model.FriendshipKey
2020-11-10 21:59:43.676 [main] WARN  org.springframework.context.support.ClassPathXmlApplicationContext - Exception encountered during context initialization - cancelling refresh attempt: org.springframework.beans.factory.BeanCreationException: Error creating bean with name 'getJavaMailSender' defined in com.m3.service.MailService: Bean instantiation via factory method failed; nested exception is org.springframework.beans.BeanInstantiationException: Failed to instantiate [org.springframework.mail.javamail.JavaMailSender]: Factory method 'getJavaMailSender' threw exception; nested exception is java.lang.NullPointerException
2020-11-10 21:59:43.757 [main] INFO  org.hibernate.dialect.Dialect - HHH000400: Using dialect: org.hibernate.dialect.H2Dialect
2020-11-10 21:59:43.771 [main] INFO  org.hibernate.tuple.PojoInstantiator - HHH000182: No default (no-argument) constructor for class: com.m3.model.FriendshipKey (class must be instantiated by Interceptor)
2020-11-10 21:59:43.771 [main] WARN  org.hibernate.mapping.RootClass - HHH000038: Composite-id class does not override equals(): com.m3.model.FriendshipKey
2020-11-10 21:59:43.771 [main] WARN  org.hibernate.mapping.RootClass - HHH000039: Composite-id class does not override hashCode(): com.m3.model.FriendshipKey
2020-11-10 21:59:43.884 [main] WARN  org.springframework.context.support.ClassPathXmlApplicationContext - Exception encountered during context initialization - cancelling refresh attempt: org.springframework.beans.factory.BeanCreationException: Error creating bean with name 'getJavaMailSender' defined in com.m3.service.MailService: Bean instantiation via factory method failed; nested exception is org.springframework.beans.BeanInstantiationException: Failed to instantiate [org.springframework.mail.javamail.JavaMailSender]: Factory method 'getJavaMailSender' threw exception; nested exception is java.lang.NullPointerException
2020-11-10 21:59:43.982 [main] INFO  org.hibernate.dialect.Dialect - HHH000400: Using dialect: org.hibernate.dialect.H2Dialect
2020-11-10 21:59:43.998 [main] INFO  org.hibernate.tuple.PojoInstantiator - HHH000182: No default (no-argument) constructor for class: com.m3.model.FriendshipKey (class must be instantiated by Interceptor)
2020-11-10 21:59:43.998 [main] WARN  org.hibernate.mapping.RootClass - HHH000038: Composite-id class does not override equals(): com.m3.model.FriendshipKey
2020-11-10 21:59:43.998 [main] WARN  org.hibernate.mapping.RootClass - HHH000039: Composite-id class does not override hashCode(): com.m3.model.FriendshipKey
2020-11-10 21:59:44.099 [main] WARN  org.springframework.context.support.ClassPathXmlApplicationContext - Exception encountered during context initialization - cancelling refresh attempt: org.springframework.beans.factory.BeanCreationException: Error creating bean with name 'getJavaMailSender' defined in com.m3.service.MailService: Bean instantiation via factory method failed; nested exception is org.springframework.beans.BeanInstantiationException: Failed to instantiate [org.springframework.mail.javamail.JavaMailSender]: Factory method 'getJavaMailSender' threw exception; nested exception is java.lang.NullPointerException
2020-11-10 21:59:44.205 [main] INFO  org.hibernate.dialect.Dialect - HHH000400: Using dialect: org.hibernate.dialect.H2Dialect
2020-11-10 21:59:44.222 [main] INFO  org.hibernate.tuple.PojoInstantiator - HHH000182: No default (no-argument) constructor for class: com.m3.model.FriendshipKey (class must be instantiated by Interceptor)
2020-11-10 21:59:44.222 [main] WARN  org.hibernate.mapping.RootClass - HHH000038: Composite-id class does not override equals(): com.m3.model.FriendshipKey
2020-11-10 21:59:44.222 [main] WARN  org.hibernate.mapping.RootClass - HHH000039: Composite-id class does not override hashCode(): com.m3.model.FriendshipKey
2020-11-10 21:59:44.323 [main] WARN  org.springframework.context.support.ClassPathXmlApplicationContext - Exception encountered during context initialization - cancelling refresh attempt: org.springframework.beans.factory.BeanCreationException: Error creating bean with name 'getJavaMailSender' defined in com.m3.service.MailService: Bean instantiation via factory method failed; nested exception is org.springframework.beans.BeanInstantiationException: Failed to instantiate [org.springframework.mail.javamail.JavaMailSender]: Factory method 'getJavaMailSender' threw exception; nested exception is java.lang.NullPointerException
2020-11-10 21:59:44.436 [main] INFO  org.hibernate.dialect.Dialect - HHH000400: Using dialect: org.hibernate.dialect.H2Dialect
2020-11-10 21:59:44.459 [main] INFO  org.hibernate.tuple.PojoInstantiator - HHH000182: No default (no-argument) constructor for class: com.m3.model.FriendshipKey (class must be instantiated by Interceptor)
2020-11-10 21:59:44.459 [main] WARN  org.hibernate.mapping.RootClass - HHH000038: Composite-id class does not override equals(): com.m3.model.FriendshipKey
2020-11-10 21:59:44.459 [main] WARN  org.hibernate.mapping.RootClass - HHH000039: Composite-id class does not override hashCode(): com.m3.model.FriendshipKey
2020-11-10 21:59:44.556 [main] WARN  org.springframework.context.support.ClassPathXmlApplicationContext - Exception encountered during context initialization - cancelling refresh attempt: org.springframework.beans.factory.BeanCreationException: Error creating bean with name 'getJavaMailSender' defined in com.m3.service.MailService: Bean instantiation via factory method failed; nested exception is org.springframework.beans.BeanInstantiationException: Failed to instantiate [org.springframework.mail.javamail.JavaMailSender]: Factory method 'getJavaMailSender' threw exception; nested exception is java.lang.NullPointerException
2020-11-10 21:59:44.641 [main] INFO  org.hibernate.dialect.Dialect - HHH000400: Using dialect: org.hibernate.dialect.H2Dialect
2020-11-10 21:59:44.656 [main] INFO  org.hibernate.tuple.PojoInstantiator - HHH000182: No default (no-argument) constructor for class: com.m3.model.FriendshipKey (class must be instantiated by Interceptor)
2020-11-10 21:59:44.656 [main] WARN  org.hibernate.mapping.RootClass - HHH000038: Composite-id class does not override equals(): com.m3.model.FriendshipKey
2020-11-10 21:59:44.656 [main] WARN  org.hibernate.mapping.RootClass - HHH000039: Composite-id class does not override hashCode(): com.m3.model.FriendshipKey
2020-11-10 21:59:44.742 [main] WARN  org.springframework.context.support.ClassPathXmlApplicationContext - Exception encountered during context initialization - cancelling refresh attempt: org.springframework.beans.factory.BeanCreationException: Error creating bean with name 'getJavaMailSender' defined in com.m3.service.MailService: Bean instantiation via factory method failed; nested exception is org.springframework.beans.BeanInstantiationException: Failed to instantiate [org.springframework.mail.javamail.JavaMailSender]: Factory method 'getJavaMailSender' threw exception; nested exception is java.lang.NullPointerException
2020-11-10 21:59:44.839 [main] INFO  org.hibernate.dialect.Dialect - HHH000400: Using dialect: org.hibernate.dialect.H2Dialect
2020-11-10 21:59:44.853 [main] INFO  org.hibernate.tuple.PojoInstantiator - HHH000182: No default (no-argument) constructor for class: com.m3.model.FriendshipKey (class must be instantiated by Interceptor)
2020-11-10 21:59:44.853 [main] WARN  org.hibernate.mapping.RootClass - HHH000038: Composite-id class does not override equals(): com.m3.model.FriendshipKey
2020-11-10 21:59:44.853 [main] WARN  org.hibernate.mapping.RootClass - HHH000039: Composite-id class does not overrid2020-11-10 22:01:33.685 [main] INFO  org.hibernate.Version - HHH000412: Hibernate ORM core version 5.4.22.Final
2020-11-10 22:01:33.920 [main] INFO  org.hibernate.annotations.common.Version - HCANN000001: Hibernate Commons Annotations {5.1.0.Final}
2020-11-10 22:01:34.567 [main] INFO  org.hibernate.dialect.Dialect - HHH000400: Using dialect: org.hibernate.dialect.H2Dialect
2020-11-10 22:01:34.940 [main] INFO  org.hibernate.tuple.PojoInstantiator - HHH000182: No default (no-argument) constructor for class: com.m3.model.FriendshipKey (class must be instantiated by Interceptor)
2020-11-10 22:01:34.942 [main] WARN  org.hibernate.mapping.RootClass - HHH000038: Composite-id class does not override equals(): com.m3.model.FriendshipKey
2020-11-10 22:01:34.942 [main] WARN  org.hibernate.mapping.RootClass - HHH000039: Composite-id class does not override hashCode(): com.m3.model.FriendshipKey
2020-11-10 22:01:35.093 [main] INFO  org.hibernate.validator.internal.util.Version - HV000001: Hibernate Validator 6.1.6.Final
2020-11-10 22:01:36.476 [main] WARN  org.hibernate.orm.connections.pooling - HHH10001002: Using Hibernate built-in connection pool (not for production use!)
2020-11-10 22:01:36.477 [main] INFO  org.hibernate.orm.connections.pooling - HHH10001005: using driver [org.h2.Driver] at URL [jdbc:h2:mem:test;DB_CLOSE_DELAY=-1]
2020-11-10 22:01:36.477 [main] INFO  org.hibernate.orm.connections.pooling - HHH10001001: Connection properties: {user=sa, password=}
2020-11-10 22:01:36.477 [main] INFO  org.hibernate.orm.connections.pooling - HHH10001003: Autocommit mode: false
2020-11-10 22:01:36.480 [main] INFO  org.hibernate.engine.jdbc.connections.internal.DriverManagerConnectionProviderImpl - HHH000115: Hibernate connection pool size: 1 (min=1)
2020-11-10 22:01:36.485 [main] INFO  org.hibernate.dialect.Dialect - HHH000400: Using dialect: org.hibernate.dialect.H2Dialect
2020-11-10 22:01:36.507 [main] INFO  org.hibernate.tuple.PojoInstantiator - HHH000182: No default (no-argument) constructor for class: com.m3.model.FriendshipKey (class must be instantiated by Interceptor)
2020-11-10 22:01:36.508 [main] WARN  org.hibernate.mapping.RootClass - HHH000038: Composite-id class does not override equals(): com.m3.model.FriendshipKey
2020-11-10 22:01:36.508 [main] WARN  org.hibernate.mapping.RootClass - HHH000039: Composite-id class does not override hashCode(): com.m3.model.FriendshipKey
2020-11-10 22:01:36.594 [main] INFO  org.hibernate.orm.connections.access - HHH10001501: Connection obtained from JdbcConnectionAccess [org.hibernate.engine.jdbc.env.internal.JdbcEnvironmentInitiator$ConnectionProviderJdbcConnectionAccess@2f79f192] for (non-JTA) DDL execution was not in auto-commit mode; the Connection 'local transaction' will be committed and the Connection will be set into auto-commit mode.
2020-11-10 22:01:37.319 [main] INFO  org.hibernate.dialect.Dialect - HHH000400: Using dialect: org.hibernate.dialect.H2Dialect
2020-11-10 22:01:37.334 [main] INFO  org.hibernate.tuple.PojoInstantiator - HHH000182: No default (no-argument) constructor for class: com.m3.model.FriendshipKey (class must be instantiated by Interceptor)
2020-11-10 22:01:37.334 [main] WARN  org.hibernate.mapping.RootClass - HHH000038: Composite-id class does not override equals(): com.m3.model.FriendshipKey
2020-11-10 22:01:37.334 [main] WARN  org.hibernate.mapping.RootClass - HHH000039: Composite-id class does not override hashCode(): com.m3.model.FriendshipKey
2020-11-10 22:01:37.636 [main] INFO  org.hibernate.dialect.Dialect - HHH000400: Using dialect: org.hibernate.dialect.H2Dialect
2020-11-10 22:01:37.656 [main] INFO  org.hibernate.tuple.PojoInstantiator - HHH000182: No default (no-argument) constructor for class: com.m3.model.FriendshipKey (class must be instantiated by Interceptor)
2020-11-10 22:01:37.656 [main] WARN  org.hibernate.mapping.RootClass - HHH000038: Composite-id class does not override equals(): com.m3.model.FriendshipKey
2020-11-10 22:01:37.656 [main] WARN  org.hibernate.mapping.RootClass - HHH000039: Composite-id class does not override hashCode(): com.m3.model.FriendshipKey
2020-11-10 22:01:37.804 [main] WARN  org.hibernate.engine.jdbc.spi.SqlExceptionHelper - SQL Error: 23505, SQLState: 23505
2020-11-10 22:01:37.805 [main] ERROR org.hibernate.engine.jdbc.spi.SqlExceptionHelper - Unique index or primary key violation: "PUBLIC.UK_E6GKQUNXAJVYXL5UCTPL2VL2P_INDEX_2 ON PUBLIC.USER(EMAIL) VALUES 2"; SQL statement:
insert into public.User (id, email, firstName, lastName, password, photo) values (null, ?, ?, ?, ?, ?) [23505-200]
2020-11-10 22:01:37.930 [main] INFO  org.hibernate.dialect.Dialect - HHH000400: Using dialect: org.hibernate.dialect.H2Dialect
2020-11-10 22:01:37.951 [main] INFO  org.hibernate.tuple.PojoInstantiator - HHH000182: No default (no-argument) constructor for class: com.m3.model.FriendshipKey (class must be instantiated by Interceptor)
2020-11-10 22:01:37.951 [main] WARN  org.hibernate.mapping.RootClass - HHH000038: Composite-id class does not override equals(): com.m3.model.FriendshipKey
2020-11-10 22:01:37.951 [main] WARN  org.hibernate.mapping.RootClass - HHH000039: Composite-id class does not override hashCode(): com.m3.model.FriendshipKey
2020-11-10 22:01:38.073 [main] WARN  org.hibernate.engine.jdbc.spi.SqlExceptionHelper - SQL Error: 23505, SQLState: 23505
2020-11-10 22:01:38.073 [main] ERROR org.hibernate.engine.jdbc.spi.SqlExceptionHelper - Unique index or primary key violation: "PUBLIC.UK_E6GKQUNXAJVYXL5UCTPL2VL2P_INDEX_2 ON PUBLIC.USER(EMAIL) VALUES 2"; SQL statement:
insert into public.User (id, email, firstName, lastName, password, photo) values (null, ?, ?, ?, ?, ?) [23505-200]
2020-11-10 22:01:38.174 [main] INFO  org.hibernate.dialect.Dialect - HHH000400: Using dialect: org.hibernate.dialect.H2Dialect
2020-11-10 22:01:38.192 [main] INFO  org.hibernate.tuple.PojoInstantiator - HHH000182: No default (no-argument) constructor for class: com.m3.model.FriendshipKey (class must be instantiated by Interceptor)
2020-11-10 22:01:38.193 [main] WARN  org.hibernate.mapping.RootClass - HHH000038: Composite-id class does not override equals(): com.m3.model.FriendshipKey
2020-11-10 22:01:38.193 [main] WARN  org.hibernate.mapping.RootClass - HHH000039: Composite-id class does not override hashCode(): com.m3.model.FriendshipKey
2020-11-10 22:01:38.302 [main] WARN  org.hibernate.engine.jdbc.spi.SqlExceptionHelper - SQL Error: 23505, SQLState: 23505
2020-11-10 22:01:38.303 [main] ERROR org.hibernate.engine.jdbc.spi.SqlExceptionHelper - Unique index or primary key violation: "PUBLIC.UK_E6GKQUNXAJVYXL5UCTPL2VL2P_INDEX_2 ON PUBLIC.USER(EMAIL) VALUES 2"; SQL statement:
insert into public.User (id, email, firstName, lastName, password, photo) values (null, ?, ?, ?, ?, ?) [23505-200]
2020-11-10 22:01:38.393 [main] INFO  org.hibernate.dialect.Dialect - HHH000400: Using dialect: org.hibernate.dialect.H2Dialect
2020-11-10 22:01:38.409 [main] INFO  org.hibernate.tuple.PojoInstantiator - HHH000182: No default (no-argument) constructor for class: com.m3.model.FriendshipKey (class must be instantiated by Interceptor)
2020-11-10 22:01:38.409 [main] WARN  org.hibernate.mapping.RootClass - HHH000038: Composite-id class does not override equals(): com.m3.model.FriendshipKey
2020-11-10 22:01:38.409 [main] WARN  org.hibernate.mapping.RootClass - HHH000039: Composite-id class does not override hashCode(): com.m3.model.FriendshipKey
2020-11-10 22:01:38.529 [main] WARN  org.hibernate.engine.jdbc.spi.SqlExceptionHelper - SQL Error: 23505, SQLState: 23505
2020-11-10 22:01:38.529 [main] ERROR org.hibernate.engine.jdbc.spi.SqlExceptionHelper - Unique index or primary key violation: "PUBLIC.UK_E6GKQUNXAJVYXL5UCTPL2VL2P_INDEX_2 ON PUBLIC.USER(EMAIL) VALUES 2"; SQL statement:
insert into public.User (id, email, firstName, lastName, password, photo) values (null, ?, ?, ?, ?, ?) [23505-200]
2020-11-10 22:01:38.627 [main] INFO  org.hibernate.dialect.Dialect - HHH000400: Using dialect: org.hibernate.dialect.H2Dialect
2020-11-10 22:01:38.645 [main] INFO  org.hibernate.tuple.PojoInstantiator - HHH000182: No default (no-argument) constructor for cla